2021-07-30 21:30:33,576|azureml|DEBUG|Inputs:: kwargs: {'OutputCollection': True, 'EnableMLflowTracking': True, 'snapshotProject': True, 'only_in_process_features': True, 'skip_track_logs_dir': True}, track_folders: None, deny_list: None, directories_to_watch: []
2021-07-30 21:30:33,577|azureml.history._tracking.PythonWorkingDirectory|DEBUG|Execution target type: batchai
2021-07-30 21:30:33,578|azureml.history._tracking.PythonWorkingDirectory|DEBUG|Failed to import pyspark with error: No module named 'pyspark'
2021-07-30 21:30:33,578|azureml.history._tracking.PythonWorkingDirectory.workingdir|DEBUG|Pinning working directory for filesystems: ['pyfs']
2021-07-30 21:30:34,021|azureml.core.run|DEBUG|Adding new factory <function ScriptRun._from_run_dto at 0x7fba25930d08> for run source azureml.scriptrun
2021-07-30 21:30:34,022|azureml.core.run|DEBUG|Identity in use is not set. Falling back to using AMLToken
2021-07-30 21:30:34,022|azureml.core.run|DEBUG|Using AMLToken auth for remote run
2021-07-30 21:30:34,024|azureml.core.authentication.TokenRefresherDaemon|DEBUG|Starting daemon and triggering first instance
2021-07-30 21:30:34,034|azureml._restclient.clientbase|INFO|Created a worker pool for first use
2021-07-30 21:30:34,034|azureml.core.authentication|DEBUG|Time to expire 1814073.96589 seconds
2021-07-30 21:30:34,034|azureml._restclient.service_context|DEBUG|Created a static thread pool for ServiceContext class
2021-07-30 21:30:34,034|azureml._restclient.clientbase|DEBUG|ClientBase: Calling get with url None
2021-07-30 21:30:34,067|azureml._base_sdk_common.service_discovery|DEBUG|Found history service url in environment variable AZUREML_SERVICE_ENDPOINT, history service url: https://southcentralus.api.azureml.ms.
2021-07-30 21:30:34,068|azureml._base_sdk_common.service_discovery|DEBUG|Found history service url in environment variable AZUREML_SERVICE_ENDPOINT, history service url: https://southcentralus.api.azureml.ms.
2021-07-30 21:30:34,068|azureml._base_sdk_common.service_discovery|DEBUG|Found history service url in environment variable AZUREML_SERVICE_ENDPOINT, history service url: https://southcentralus.api.azureml.ms.
2021-07-30 21:30:34,068|azureml._base_sdk_common.service_discovery|DEBUG|Found history service url in environment variable AZUREML_SERVICE_ENDPOINT, history service url: https://southcentralus.api.azureml.ms.
2021-07-30 21:30:34,068|azureml._base_sdk_common.service_discovery|DEBUG|Found history service url in environment variable AZUREML_SERVICE_ENDPOINT, history service url: https://southcentralus.api.azureml.ms.
2021-07-30 21:30:34,068|azureml._base_sdk_common.service_discovery|DEBUG|Found history service url in environment variable AZUREML_SERVICE_ENDPOINT, history service url: https://southcentralus.api.azureml.ms.
2021-07-30 21:30:34,068|azureml._base_sdk_common.service_discovery|DEBUG|Found history service url in environment variable AZUREML_SERVICE_ENDPOINT, history service url: https://southcentralus.api.azureml.ms.
2021-07-30 21:30:34,189|azureml._SubmittedRun#HD_0341301e-da13-4d2f-afc9-465a815bcd0f_4.RunHistoryFacade.RunClient.get_by_exp_id-async:False|DEBUG|[START]
2021-07-30 21:30:34,189|azureml._SubmittedRun#HD_0341301e-da13-4d2f-afc9-465a815bcd0f_4.RunHistoryFacade.RunClient|DEBUG|ClientBase: Calling get_by_exp_id with url /history/v1.0/subscriptions/{subscriptionId}/resourceGroups/{resourceGroupName}/providers/Microsoft.MachineLearningServices/workspaces/{workspaceName}/experimentids/{experimentId}/runs/{runId}
2021-07-30 21:30:34,298|azureml._SubmittedRun#HD_0341301e-da13-4d2f-afc9-465a815bcd0f_4.RunHistoryFacade.RunClient.get_by_exp_id-async:False|DEBUG|[STOP]
2021-07-30 21:30:34,299|azureml._SubmittedRun#HD_0341301e-da13-4d2f-afc9-465a815bcd0f_4|DEBUG|Constructing run from dto. type: azureml.scriptrun, source: None, props: {'_azureml.ComputeTargetType': 'amlcompute', 'ContentSnapshotId': 'baf0d2c9-25e7-4829-b200-4f6803f0ede4', 'ProcessInfoFile': 'azureml-logs/process_info.json', 'ProcessStatusFile': 'azureml-logs/process_status.json', 'azureml.RuntimeType': 'Hosttools'}
2021-07-30 21:30:34,299|azureml._SubmittedRun#HD_0341301e-da13-4d2f-afc9-465a815bcd0f_4.RunContextManager|DEBUG|Valid logs dir, setting up content loader
2021-07-30 21:30:34,300|azureml|WARNING|Could not import azureml.mlflow or azureml.contrib.mlflow mlflow APIs will not run against AzureML services.  Add azureml-mlflow as a conda dependency for the run if this behavior is desired
2021-07-30 21:30:34,300|azureml.WorkerPool|DEBUG|[START]
2021-07-30 21:30:34,300|azureml.SendRunKillSignal|DEBUG|[START]
2021-07-30 21:30:34,300|azureml.RunStatusContext|DEBUG|[START]
2021-07-30 21:30:34,300|azureml._SubmittedRun#HD_0341301e-da13-4d2f-afc9-465a815bcd0f_4.RunContextManager.RunStatusContext|DEBUG|[START]
2021-07-30 21:30:34,300|azureml.MetricsClient|DEBUG|[START]
2021-07-30 21:30:34,300|azureml._SubmittedRun#HD_0341301e-da13-4d2f-afc9-465a815bcd0f_4.RunHistoryFacade.MetricsClient|DEBUG|[START]
2021-07-30 21:30:34,300|azureml.WorkingDirectoryCM|DEBUG|[START]
2021-07-30 21:30:34,300|azureml.history._tracking.PythonWorkingDirectory.workingdir|DEBUG|[START]
2021-07-30 21:30:34,300|azureml.history._tracking.PythonWorkingDirectory|INFO|Current working dir: /mnt/batch/tasks/shared/LS_root/jobs/quick-starts-ws-153057/azureml/hd_0341301e-da13-4d2f-afc9-465a815bcd0f_4/wd/azureml/HD_0341301e-da13-4d2f-afc9-465a815bcd0f_4
2021-07-30 21:30:34,301|azureml.history._tracking.PythonWorkingDirectory.workingdir|DEBUG|Calling pyfs
2021-07-30 21:30:34,301|azureml.history._tracking.PythonWorkingDirectory.workingdir|DEBUG|Storing working dir for pyfs as /mnt/batch/tasks/shared/LS_root/jobs/quick-starts-ws-153057/azureml/hd_0341301e-da13-4d2f-afc9-465a815bcd0f_4/wd/azureml/HD_0341301e-da13-4d2f-afc9-465a815bcd0f_4
2021-07-30 21:30:35,176|azureml.core.run|DEBUG|Identity in use is not set. Falling back to using AMLToken
2021-07-30 21:30:35,176|azureml.core.run|DEBUG|Using AMLToken auth for remote run
2021-07-30 21:30:35,176|azureml._restclient.service_context|DEBUG|Access an existing static threadpool for ServiceContext class
2021-07-30 21:30:35,177|azureml._base_sdk_common.service_discovery|DEBUG|Found history service url in environment variable AZUREML_SERVICE_ENDPOINT, history service url: https://southcentralus.api.azureml.ms.
2021-07-30 21:30:35,177|azureml._base_sdk_common.service_discovery|DEBUG|Found history service url in environment variable AZUREML_SERVICE_ENDPOINT, history service url: https://southcentralus.api.azureml.ms.
2021-07-30 21:30:35,177|azureml._base_sdk_common.service_discovery|DEBUG|Found history service url in environment variable AZUREML_SERVICE_ENDPOINT, history service url: https://southcentralus.api.azureml.ms.
2021-07-30 21:30:35,177|azureml._base_sdk_common.service_discovery|DEBUG|Found history service url in environment variable AZUREML_SERVICE_ENDPOINT, history service url: https://southcentralus.api.azureml.ms.
2021-07-30 21:30:35,178|azureml._base_sdk_common.service_discovery|DEBUG|Found history service url in environment variable AZUREML_SERVICE_ENDPOINT, history service url: https://southcentralus.api.azureml.ms.
2021-07-30 21:30:35,178|azureml._base_sdk_common.service_discovery|DEBUG|Found history service url in environment variable AZUREML_SERVICE_ENDPOINT, history service url: https://southcentralus.api.azureml.ms.
2021-07-30 21:30:35,178|azureml._base_sdk_common.service_discovery|DEBUG|Found history service url in environment variable AZUREML_SERVICE_ENDPOINT, history service url: https://southcentralus.api.azureml.ms.
2021-07-30 21:30:35,215|azureml._SubmittedRun#HD_0341301e-da13-4d2f-afc9-465a815bcd0f_4.RunHistoryFacade.RunClient.get_by_exp_id-async:False|DEBUG|[START]
2021-07-30 21:30:35,215|azureml._SubmittedRun#HD_0341301e-da13-4d2f-afc9-465a815bcd0f_4.RunHistoryFacade.RunClient|DEBUG|ClientBase: Calling get_by_exp_id with url /history/v1.0/subscriptions/{subscriptionId}/resourceGroups/{resourceGroupName}/providers/Microsoft.MachineLearningServices/workspaces/{workspaceName}/experimentids/{experimentId}/runs/{runId}
2021-07-30 21:30:35,275|azureml._SubmittedRun#HD_0341301e-da13-4d2f-afc9-465a815bcd0f_4.RunHistoryFacade.RunClient.get_by_exp_id-async:False|DEBUG|[STOP]
2021-07-30 21:30:35,278|azureml._SubmittedRun#HD_0341301e-da13-4d2f-afc9-465a815bcd0f_4|DEBUG|Constructing run from dto. type: azureml.scriptrun, source: None, props: {'_azureml.ComputeTargetType': 'amlcompute', 'ContentSnapshotId': 'baf0d2c9-25e7-4829-b200-4f6803f0ede4', 'ProcessInfoFile': 'azureml-logs/process_info.json', 'ProcessStatusFile': 'azureml-logs/process_status.json', 'azureml.RuntimeType': 'Hosttools'}
2021-07-30 21:30:35,279|azureml._SubmittedRun#HD_0341301e-da13-4d2f-afc9-465a815bcd0f_4.RunContextManager|DEBUG|Valid logs dir, setting up content loader
2021-07-30 21:30:35,280|azureml._SubmittedRun#HD_0341301e-da13-4d2f-afc9-465a815bcd0f_4.RunHistoryFacade.MetricsClient|DEBUG|Overrides: Max batch size: 50, batch cushion: 5, Interval: 1.
2021-07-30 21:30:35,281|azureml._SubmittedRun#HD_0341301e-da13-4d2f-afc9-465a815bcd0f_4.RunHistoryFacade.MetricsClient.PostMetricsBatchV2.PostMetricsBatchV2Daemon|DEBUG|Starting daemon and triggering first instance
2021-07-30 21:30:35,281|azureml._SubmittedRun#HD_0341301e-da13-4d2f-afc9-465a815bcd0f_4.RunHistoryFacade.MetricsClient|DEBUG|Used <class 'azureml._common.async_utils.batch_task_queue.BatchTaskQueue'> for use_batch=True.
2021-07-30 21:30:35,334|azureml.core.run|DEBUG|Identity in use is not set. Falling back to using AMLToken
2021-07-30 21:30:35,334|azureml.core.run|DEBUG|Using AMLToken auth for remote run
2021-07-30 21:30:35,334|azureml._restclient.service_context|DEBUG|Access an existing static threadpool for ServiceContext class
2021-07-30 21:30:35,335|azureml._base_sdk_common.service_discovery|DEBUG|Found history service url in environment variable AZUREML_SERVICE_ENDPOINT, history service url: https://southcentralus.api.azureml.ms.
2021-07-30 21:30:35,335|azureml._base_sdk_common.service_discovery|DEBUG|Found history service url in environment variable AZUREML_SERVICE_ENDPOINT, history service url: https://southcentralus.api.azureml.ms.
2021-07-30 21:30:35,335|azureml._base_sdk_common.service_discovery|DEBUG|Found history service url in environment variable AZUREML_SERVICE_ENDPOINT, history service url: https://southcentralus.api.azureml.ms.
2021-07-30 21:30:35,335|azureml._base_sdk_common.service_discovery|DEBUG|Found history service url in environment variable AZUREML_SERVICE_ENDPOINT, history service url: https://southcentralus.api.azureml.ms.
2021-07-30 21:30:35,336|azureml._base_sdk_common.service_discovery|DEBUG|Found history service url in environment variable AZUREML_SERVICE_ENDPOINT, history service url: https://southcentralus.api.azureml.ms.
2021-07-30 21:30:35,336|azureml._base_sdk_common.service_discovery|DEBUG|Found history service url in environment variable AZUREML_SERVICE_ENDPOINT, history service url: https://southcentralus.api.azureml.ms.
2021-07-30 21:30:35,336|azureml._base_sdk_common.service_discovery|DEBUG|Found history service url in environment variable AZUREML_SERVICE_ENDPOINT, history service url: https://southcentralus.api.azureml.ms.
2021-07-30 21:30:36,282|azureml.BatchTaskQueueAdd_1_Batches|DEBUG|[Start]
2021-07-30 21:30:36,282|azureml.BatchTaskQueueAdd_1_Batches.WorkerPool|DEBUG|submitting future: _handle_batch
2021-07-30 21:30:36,283|azureml._SubmittedRun#HD_0341301e-da13-4d2f-afc9-465a815bcd0f_4.RunHistoryFacade.MetricsClient.PostMetricsBatchV2|DEBUG|Batch size 2.
2021-07-30 21:30:36,283|azureml.BatchTaskQueueAdd_1_Batches.0__handle_batch|DEBUG|Using basic handler - no exception handling
2021-07-30 21:30:36,283|azureml.BatchTaskQueueAdd_1_Batches|DEBUG|Adding task 0__handle_batch to queue of approximate size: 0
2021-07-30 21:30:36,283|azureml.BatchTaskQueueAdd_1_Batches|DEBUG|[Stop] - waiting default timeout
2021-07-30 21:30:36,283|azureml.BatchTaskQueueAdd_1_Batches.WaitFlushSource:BatchTaskQueueAdd_1_Batches|DEBUG|[START]
2021-07-30 21:30:36,283|azureml.BatchTaskQueueAdd_1_Batches.WaitFlushSource:BatchTaskQueueAdd_1_Batches|DEBUG|Overriding default flush timeout from None to 120
2021-07-30 21:30:36,283|azureml.BatchTaskQueueAdd_1_Batches.WaitFlushSource:BatchTaskQueueAdd_1_Batches|DEBUG|Waiting 120 seconds on tasks: [AsyncTask(0__handle_batch)].
2021-07-30 21:30:36,283|azureml._restclient.service_context.WorkerPool|DEBUG|submitting future: _log_batch_v2
2021-07-30 21:30:36,288|azureml._SubmittedRun#HD_0341301e-da13-4d2f-afc9-465a815bcd0f_4.RunHistoryFacade.MetricsClient|DEBUG|Metrics Client: _log_batch_v2 is calling post_run_metrics posting 2 values.
2021-07-30 21:30:36,288|azureml._SubmittedRun#HD_0341301e-da13-4d2f-afc9-465a815bcd0f_4.RunHistoryFacade.MetricsClient.PostMetricsBatchV2.0__log_batch_v2|DEBUG|Using basic handler - no exception handling
2021-07-30 21:30:36,297|azureml._SubmittedRun#HD_0341301e-da13-4d2f-afc9-465a815bcd0f_4.RunHistoryFacade.MetricsClient._post_run_metrics_log_failed_validations-async:False|DEBUG|[START]
2021-07-30 21:30:36,297|azureml._SubmittedRun#HD_0341301e-da13-4d2f-afc9-465a815bcd0f_4.RunHistoryFacade.MetricsClient.PostMetricsBatchV2|DEBUG|Adding task 0__log_batch_v2 to queue of approximate size: 0
2021-07-30 21:30:36,297|azureml._SubmittedRun#HD_0341301e-da13-4d2f-afc9-465a815bcd0f_4.RunHistoryFacade.MetricsClient|DEBUG|ClientBase: Calling _post_run_metrics_log_failed_validations with url None
2021-07-30 21:30:36,516|azureml._SubmittedRun#HD_0341301e-da13-4d2f-afc9-465a815bcd0f_4.RunHistoryFacade.MetricsClient._post_run_metrics_log_failed_validations-async:False|DEBUG|[STOP]
2021-07-30 21:30:36,536|azureml.BatchTaskQueueAdd_1_Batches.0__handle_batch.WaitingTask|DEBUG|[START]
2021-07-30 21:30:36,536|azureml.BatchTaskQueueAdd_1_Batches.0__handle_batch.WaitingTask|DEBUG|Awaiter is BatchTaskQueueAdd_1_Batches
2021-07-30 21:30:36,536|azureml.BatchTaskQueueAdd_1_Batches.0__handle_batch.WaitingTask|DEBUG|[STOP]
2021-07-30 21:30:36,536|azureml.BatchTaskQueueAdd_1_Batches|DEBUG|Waiting on task: 0__handle_batch.
1 tasks left. Current duration of flush 8.96453857421875e-05 seconds.

2021-07-30 21:30:36,536|azureml.BatchTaskQueueAdd_1_Batches.WaitFlushSource:BatchTaskQueueAdd_1_Batches|DEBUG|[STOP]
2021-07-30 21:30:40,409|azureml.history._tracking.PythonWorkingDirectory.workingdir|DEBUG|Calling pyfs
2021-07-30 21:30:40,409|azureml.history._tracking.PythonWorkingDirectory|INFO|Current working dir: /mnt/batch/tasks/shared/LS_root/jobs/quick-starts-ws-153057/azureml/hd_0341301e-da13-4d2f-afc9-465a815bcd0f_4/wd/azureml/HD_0341301e-da13-4d2f-afc9-465a815bcd0f_4
2021-07-30 21:30:40,409|azureml.history._tracking.PythonWorkingDirectory.workingdir|DEBUG|Reverting working dir from /mnt/batch/tasks/shared/LS_root/jobs/quick-starts-ws-153057/azureml/hd_0341301e-da13-4d2f-afc9-465a815bcd0f_4/wd/azureml/HD_0341301e-da13-4d2f-afc9-465a815bcd0f_4 to /mnt/batch/tasks/shared/LS_root/jobs/quick-starts-ws-153057/azureml/hd_0341301e-da13-4d2f-afc9-465a815bcd0f_4/wd/azureml/HD_0341301e-da13-4d2f-afc9-465a815bcd0f_4
2021-07-30 21:30:40,409|azureml.history._tracking.PythonWorkingDirectory|INFO|Working dir is already updated /mnt/batch/tasks/shared/LS_root/jobs/quick-starts-ws-153057/azureml/hd_0341301e-da13-4d2f-afc9-465a815bcd0f_4/wd/azureml/HD_0341301e-da13-4d2f-afc9-465a815bcd0f_4
2021-07-30 21:30:40,409|azureml.history._tracking.PythonWorkingDirectory.workingdir|DEBUG|[STOP]
2021-07-30 21:30:40,409|azureml.WorkingDirectoryCM|DEBUG|[STOP]
2021-07-30 21:30:40,409|azureml._SubmittedRun#HD_0341301e-da13-4d2f-afc9-465a815bcd0f_4.RunHistoryFacade.MetricsClient.FlushingMetricsClient|DEBUG|[START]
2021-07-30 21:30:40,410|azureml._SubmittedRun#HD_0341301e-da13-4d2f-afc9-465a815bcd0f_4.RunHistoryFacade.MetricsClient|DEBUG|Overrides: Max batch size: 50, batch cushion: 5, Interval: 1.
2021-07-30 21:30:40,410|azureml._SubmittedRun#HD_0341301e-da13-4d2f-afc9-465a815bcd0f_4.RunHistoryFacade.MetricsClient.PostMetricsBatch.PostMetricsBatchDaemon|DEBUG|Starting daemon and triggering first instance
2021-07-30 21:30:40,410|azureml._SubmittedRun#HD_0341301e-da13-4d2f-afc9-465a815bcd0f_4.RunHistoryFacade.MetricsClient|DEBUG|Used <class 'azureml._common.async_utils.batch_task_queue.BatchTaskQueue'> for use_batch=True.
2021-07-30 21:30:40,410|azureml._SubmittedRun#HD_0341301e-da13-4d2f-afc9-465a815bcd0f_4.RunHistoryFacade.MetricsClient.PostMetricsBatch.WaitFlushSource:MetricsClient|DEBUG|[START]
2021-07-30 21:30:40,410|azureml._SubmittedRun#HD_0341301e-da13-4d2f-afc9-465a815bcd0f_4.RunHistoryFacade.MetricsClient.PostMetricsBatch.WaitFlushSource:MetricsClient|DEBUG|flush timeout 120 is different from task queue timeout 120, using flush timeout
2021-07-30 21:30:40,410|azureml._SubmittedRun#HD_0341301e-da13-4d2f-afc9-465a815bcd0f_4.RunHistoryFacade.MetricsClient.PostMetricsBatch.WaitFlushSource:MetricsClient|DEBUG|Waiting 120 seconds on tasks: [].
2021-07-30 21:30:40,410|azureml._SubmittedRun#HD_0341301e-da13-4d2f-afc9-465a815bcd0f_4.RunHistoryFacade.MetricsClient.PostMetricsBatch|DEBUG|
2021-07-30 21:30:40,410|azureml._SubmittedRun#HD_0341301e-da13-4d2f-afc9-465a815bcd0f_4.RunHistoryFacade.MetricsClient.PostMetricsBatch.WaitFlushSource:MetricsClient|DEBUG|[STOP]
2021-07-30 21:30:40,411|azureml._SubmittedRun#HD_0341301e-da13-4d2f-afc9-465a815bcd0f_4.RunHistoryFacade.MetricsClient|DEBUG|Overrides: Max batch size: 50, batch cushion: 5, Interval: 1.
2021-07-30 21:30:40,411|azureml._SubmittedRun#HD_0341301e-da13-4d2f-afc9-465a815bcd0f_4.RunHistoryFacade.MetricsClient.PostMetricsBatchV2.PostMetricsBatchV2Daemon|DEBUG|Starting daemon and triggering first instance
2021-07-30 21:30:40,411|azureml._SubmittedRun#HD_0341301e-da13-4d2f-afc9-465a815bcd0f_4.RunHistoryFacade.MetricsClient|DEBUG|Used <class 'azureml._common.async_utils.batch_task_queue.BatchTaskQueue'> for use_batch=True.
2021-07-30 21:30:40,411|azureml._SubmittedRun#HD_0341301e-da13-4d2f-afc9-465a815bcd0f_4.RunHistoryFacade.MetricsClient.PostMetricsBatchV2.WaitFlushSource:MetricsClient|DEBUG|[START]
2021-07-30 21:30:40,411|azureml._SubmittedRun#HD_0341301e-da13-4d2f-afc9-465a815bcd0f_4.RunHistoryFacade.MetricsClient.PostMetricsBatchV2.WaitFlushSource:MetricsClient|DEBUG|flush timeout 120 is different from task queue timeout 120, using flush timeout
2021-07-30 21:30:40,411|azureml._SubmittedRun#HD_0341301e-da13-4d2f-afc9-465a815bcd0f_4.RunHistoryFacade.MetricsClient.PostMetricsBatchV2.WaitFlushSource:MetricsClient|DEBUG|Waiting 120 seconds on tasks: [].
2021-07-30 21:30:40,411|azureml._SubmittedRun#HD_0341301e-da13-4d2f-afc9-465a815bcd0f_4.RunHistoryFacade.MetricsClient.PostMetricsBatchV2|DEBUG|
2021-07-30 21:30:40,411|azureml._SubmittedRun#HD_0341301e-da13-4d2f-afc9-465a815bcd0f_4.RunHistoryFacade.MetricsClient.PostMetricsBatchV2.WaitFlushSource:MetricsClient|DEBUG|[STOP]
2021-07-30 21:30:40,411|azureml._SubmittedRun#HD_0341301e-da13-4d2f-afc9-465a815bcd0f_4.RunHistoryFacade.MetricsClient.FlushingMetricsClient|DEBUG|[STOP]
2021-07-30 21:30:40,411|azureml._SubmittedRun#HD_0341301e-da13-4d2f-afc9-465a815bcd0f_4.RunHistoryFacade.MetricsClient.wait_on_ingest-async:False|DEBUG|[START]
2021-07-30 21:30:40,411|azureml._SubmittedRun#HD_0341301e-da13-4d2f-afc9-465a815bcd0f_4.RunHistoryFacade.MetricsClient|DEBUG|ClientBase: Calling wait_on_ingest with url /history/v1.0/subscriptions/{subscriptionId}/resourceGroups/{resourceGroupName}/providers/Microsoft.MachineLearningServices/workspaces/{workspaceName}/experiments/{experimentName}/runs/{runId}/metricsingest/wait
2021-07-30 21:30:40,947|azureml._SubmittedRun#HD_0341301e-da13-4d2f-afc9-465a815bcd0f_4.RunHistoryFacade.MetricsClient.wait_on_ingest-async:False|DEBUG|[STOP]
2021-07-30 21:30:40,948|azureml._SubmittedRun#HD_0341301e-da13-4d2f-afc9-465a815bcd0f_4.RunHistoryFacade.MetricsClient|DEBUG|[STOP]
2021-07-30 21:30:40,948|azureml.MetricsClient|DEBUG|[STOP]
2021-07-30 21:30:40,948|azureml._SubmittedRun#HD_0341301e-da13-4d2f-afc9-465a815bcd0f_4.RunHistoryFacade.MetricsClient.FlushingMetricsClient|DEBUG|[START]
2021-07-30 21:30:40,948|azureml._SubmittedRun#HD_0341301e-da13-4d2f-afc9-465a815bcd0f_4.RunHistoryFacade.MetricsClient.PostMetricsBatch.WaitFlushSource:MetricsClient|DEBUG|[START]
2021-07-30 21:30:40,948|azureml._SubmittedRun#HD_0341301e-da13-4d2f-afc9-465a815bcd0f_4.RunHistoryFacade.MetricsClient.PostMetricsBatch.WaitFlushSource:MetricsClient|DEBUG|flush timeout 300 is different from task queue timeout 120, using flush timeout
2021-07-30 21:30:40,948|azureml._SubmittedRun#HD_0341301e-da13-4d2f-afc9-465a815bcd0f_4.RunHistoryFacade.MetricsClient.PostMetricsBatch.WaitFlushSource:MetricsClient|DEBUG|Waiting 300 seconds on tasks: [].
2021-07-30 21:30:40,948|azureml._SubmittedRun#HD_0341301e-da13-4d2f-afc9-465a815bcd0f_4.RunHistoryFacade.MetricsClient.PostMetricsBatch|DEBUG|
2021-07-30 21:30:40,948|azureml._SubmittedRun#HD_0341301e-da13-4d2f-afc9-465a815bcd0f_4.RunHistoryFacade.MetricsClient.PostMetricsBatch.WaitFlushSource:MetricsClient|DEBUG|[STOP]
2021-07-30 21:30:40,948|azureml._SubmittedRun#HD_0341301e-da13-4d2f-afc9-465a815bcd0f_4.RunHistoryFacade.MetricsClient.PostMetricsBatchV2.WaitFlushSource:MetricsClient|DEBUG|[START]
2021-07-30 21:30:40,948|azureml._SubmittedRun#HD_0341301e-da13-4d2f-afc9-465a815bcd0f_4.RunHistoryFacade.MetricsClient.PostMetricsBatchV2.WaitFlushSource:MetricsClient|DEBUG|flush timeout 300 is different from task queue timeout 120, using flush timeout
2021-07-30 21:30:40,948|azureml._SubmittedRun#HD_0341301e-da13-4d2f-afc9-465a815bcd0f_4.RunHistoryFacade.MetricsClient.PostMetricsBatchV2.WaitFlushSource:MetricsClient|DEBUG|Waiting 300 seconds on tasks: [].
2021-07-30 21:30:40,948|azureml._SubmittedRun#HD_0341301e-da13-4d2f-afc9-465a815bcd0f_4.RunHistoryFacade.MetricsClient.PostMetricsBatchV2|DEBUG|
2021-07-30 21:30:40,948|azureml._SubmittedRun#HD_0341301e-da13-4d2f-afc9-465a815bcd0f_4.RunHistoryFacade.MetricsClient.PostMetricsBatchV2.WaitFlushSource:MetricsClient|DEBUG|[STOP]
2021-07-30 21:30:40,948|azureml._SubmittedRun#HD_0341301e-da13-4d2f-afc9-465a815bcd0f_4.RunHistoryFacade.MetricsClient.FlushingMetricsClient|DEBUG|[STOP]
2021-07-30 21:30:40,948|azureml._SubmittedRun#HD_0341301e-da13-4d2f-afc9-465a815bcd0f_4.RunHistoryFacade.MetricsClient.wait_on_ingest-async:False|DEBUG|[START]
2021-07-30 21:30:40,948|azureml._SubmittedRun#HD_0341301e-da13-4d2f-afc9-465a815bcd0f_4.RunHistoryFacade.MetricsClient|DEBUG|ClientBase: Calling wait_on_ingest with url /history/v1.0/subscriptions/{subscriptionId}/resourceGroups/{resourceGroupName}/providers/Microsoft.MachineLearningServices/workspaces/{workspaceName}/experiments/{experimentName}/runs/{runId}/metricsingest/wait
2021-07-30 21:30:41,019|azureml._SubmittedRun#HD_0341301e-da13-4d2f-afc9-465a815bcd0f_4.RunHistoryFacade.MetricsClient.wait_on_ingest-async:False|DEBUG|[STOP]
2021-07-30 21:30:41,020|azureml.RunStatusContext|DEBUG|[STOP]
2021-07-30 21:30:41,020|azureml._SubmittedRun#HD_0341301e-da13-4d2f-afc9-465a815bcd0f_4.RunHistoryFacade.MetricsClient.FlushingMetricsClient|DEBUG|[START]
2021-07-30 21:30:41,020|azureml._SubmittedRun#HD_0341301e-da13-4d2f-afc9-465a815bcd0f_4.RunHistoryFacade.MetricsClient.PostMetricsBatch.WaitFlushSource:MetricsClient|DEBUG|[START]
2021-07-30 21:30:41,020|azureml._SubmittedRun#HD_0341301e-da13-4d2f-afc9-465a815bcd0f_4.RunHistoryFacade.MetricsClient.PostMetricsBatch.WaitFlushSource:MetricsClient|DEBUG|flush timeout 900.0 is different from task queue timeout 120, using flush timeout
2021-07-30 21:30:41,020|azureml._SubmittedRun#HD_0341301e-da13-4d2f-afc9-465a815bcd0f_4.RunHistoryFacade.MetricsClient.PostMetricsBatch.WaitFlushSource:MetricsClient|DEBUG|Waiting 900.0 seconds on tasks: [].
2021-07-30 21:30:41,020|azureml._SubmittedRun#HD_0341301e-da13-4d2f-afc9-465a815bcd0f_4.RunHistoryFacade.MetricsClient.PostMetricsBatch|DEBUG|
2021-07-30 21:30:41,020|azureml._SubmittedRun#HD_0341301e-da13-4d2f-afc9-465a815bcd0f_4.RunHistoryFacade.MetricsClient.PostMetricsBatch.WaitFlushSource:MetricsClient|DEBUG|[STOP]
2021-07-30 21:30:41,020|azureml._SubmittedRun#HD_0341301e-da13-4d2f-afc9-465a815bcd0f_4.RunHistoryFacade.MetricsClient.PostMetricsBatchV2.WaitFlushSource:MetricsClient|DEBUG|[START]
2021-07-30 21:30:41,020|azureml._SubmittedRun#HD_0341301e-da13-4d2f-afc9-465a815bcd0f_4.RunHistoryFacade.MetricsClient.PostMetricsBatchV2.WaitFlushSource:MetricsClient|DEBUG|flush timeout 900.0 is different from task queue timeout 120, using flush timeout
2021-07-30 21:30:41,020|azureml._SubmittedRun#HD_0341301e-da13-4d2f-afc9-465a815bcd0f_4.RunHistoryFacade.MetricsClient.PostMetricsBatchV2.WaitFlushSource:MetricsClient|DEBUG|Waiting 900.0 seconds on tasks: [].
2021-07-30 21:30:41,020|azureml._SubmittedRun#HD_0341301e-da13-4d2f-afc9-465a815bcd0f_4.RunHistoryFacade.MetricsClient.PostMetricsBatchV2|DEBUG|
2021-07-30 21:30:41,020|azureml._SubmittedRun#HD_0341301e-da13-4d2f-afc9-465a815bcd0f_4.RunHistoryFacade.MetricsClient.PostMetricsBatchV2.WaitFlushSource:MetricsClient|DEBUG|[STOP]
2021-07-30 21:30:41,020|azureml._SubmittedRun#HD_0341301e-da13-4d2f-afc9-465a815bcd0f_4.RunHistoryFacade.MetricsClient.FlushingMetricsClient|DEBUG|[STOP]
2021-07-30 21:30:41,020|azureml._SubmittedRun#HD_0341301e-da13-4d2f-afc9-465a815bcd0f_4.RunHistoryFacade.MetricsClient.wait_on_ingest-async:False|DEBUG|[START]
2021-07-30 21:30:41,020|azureml._SubmittedRun#HD_0341301e-da13-4d2f-afc9-465a815bcd0f_4.RunHistoryFacade.MetricsClient|DEBUG|ClientBase: Calling wait_on_ingest with url /history/v1.0/subscriptions/{subscriptionId}/resourceGroups/{resourceGroupName}/providers/Microsoft.MachineLearningServices/workspaces/{workspaceName}/experiments/{experimentName}/runs/{runId}/metricsingest/wait
2021-07-30 21:30:41,090|azureml._SubmittedRun#HD_0341301e-da13-4d2f-afc9-465a815bcd0f_4.RunHistoryFacade.MetricsClient.wait_on_ingest-async:False|DEBUG|[STOP]
2021-07-30 21:30:41,090|azureml._SubmittedRun#HD_0341301e-da13-4d2f-afc9-465a815bcd0f_4.RunHistoryFacade.MetricsClient.FlushingMetricsClient|DEBUG|[START]
2021-07-30 21:30:41,090|azureml._SubmittedRun#HD_0341301e-da13-4d2f-afc9-465a815bcd0f_4.RunHistoryFacade.MetricsClient|DEBUG|Overrides: Max batch size: 50, batch cushion: 5, Interval: 1.
2021-07-30 21:30:41,090|azureml._SubmittedRun#HD_0341301e-da13-4d2f-afc9-465a815bcd0f_4.RunHistoryFacade.MetricsClient.PostMetricsBatch.PostMetricsBatchDaemon|DEBUG|Starting daemon and triggering first instance
2021-07-30 21:30:41,090|azureml._SubmittedRun#HD_0341301e-da13-4d2f-afc9-465a815bcd0f_4.RunHistoryFacade.MetricsClient|DEBUG|Used <class 'azureml._common.async_utils.batch_task_queue.BatchTaskQueue'> for use_batch=True.
2021-07-30 21:30:41,090|azureml._SubmittedRun#HD_0341301e-da13-4d2f-afc9-465a815bcd0f_4.RunHistoryFacade.MetricsClient.PostMetricsBatch.WaitFlushSource:MetricsClient|DEBUG|[START]
2021-07-30 21:30:41,090|azureml._SubmittedRun#HD_0341301e-da13-4d2f-afc9-465a815bcd0f_4.RunHistoryFacade.MetricsClient.PostMetricsBatch.WaitFlushSource:MetricsClient|DEBUG|flush timeout 900.0 is different from task queue timeout 120, using flush timeout
2021-07-30 21:30:41,090|azureml._SubmittedRun#HD_0341301e-da13-4d2f-afc9-465a815bcd0f_4.RunHistoryFacade.MetricsClient.PostMetricsBatch.WaitFlushSource:MetricsClient|DEBUG|Waiting 900.0 seconds on tasks: [].
2021-07-30 21:30:41,090|azureml._SubmittedRun#HD_0341301e-da13-4d2f-afc9-465a815bcd0f_4.RunHistoryFacade.MetricsClient.PostMetricsBatch|DEBUG|
2021-07-30 21:30:41,091|azureml._SubmittedRun#HD_0341301e-da13-4d2f-afc9-465a815bcd0f_4.RunHistoryFacade.MetricsClient.PostMetricsBatch.WaitFlushSource:MetricsClient|DEBUG|[STOP]
2021-07-30 21:30:41,091|azureml.BatchTaskQueueAdd_1_Batches|DEBUG|[Start]
2021-07-30 21:30:41,091|azureml.BatchTaskQueueAdd_1_Batches.WorkerPool|DEBUG|submitting future: _handle_batch
2021-07-30 21:30:41,092|azureml._SubmittedRun#HD_0341301e-da13-4d2f-afc9-465a815bcd0f_4.RunHistoryFacade.MetricsClient.PostMetricsBatchV2|DEBUG|Batch size 1.
2021-07-30 21:30:41,092|azureml.BatchTaskQueueAdd_1_Batches.0__handle_batch|DEBUG|Using basic handler - no exception handling
2021-07-30 21:30:41,092|azureml.BatchTaskQueueAdd_1_Batches|DEBUG|Adding task 0__handle_batch to queue of approximate size: 0
2021-07-30 21:30:41,092|azureml.BatchTaskQueueAdd_1_Batches|DEBUG|[Stop] - waiting default timeout
2021-07-30 21:30:41,092|azureml.BatchTaskQueueAdd_1_Batches.WaitFlushSource:BatchTaskQueueAdd_1_Batches|DEBUG|[START]
2021-07-30 21:30:41,092|azureml.BatchTaskQueueAdd_1_Batches.WaitFlushSource:BatchTaskQueueAdd_1_Batches|DEBUG|Overriding default flush timeout from None to 120
2021-07-30 21:30:41,093|azureml.BatchTaskQueueAdd_1_Batches.WaitFlushSource:BatchTaskQueueAdd_1_Batches|DEBUG|Waiting 120 seconds on tasks: [AsyncTask(0__handle_batch)].
2021-07-30 21:30:41,092|azureml._restclient.service_context.WorkerPool|DEBUG|submitting future: _log_batch_v2
2021-07-30 21:30:41,095|azureml._SubmittedRun#HD_0341301e-da13-4d2f-afc9-465a815bcd0f_4.RunHistoryFacade.MetricsClient|DEBUG|Metrics Client: _log_batch_v2 is calling post_run_metrics posting 1 values.
2021-07-30 21:30:41,095|azureml._SubmittedRun#HD_0341301e-da13-4d2f-afc9-465a815bcd0f_4.RunHistoryFacade.MetricsClient._post_run_metrics_log_failed_validations-async:False|DEBUG|[START]
2021-07-30 21:30:41,095|azureml._SubmittedRun#HD_0341301e-da13-4d2f-afc9-465a815bcd0f_4.RunHistoryFacade.MetricsClient|DEBUG|ClientBase: Calling _post_run_metrics_log_failed_validations with url None
2021-07-30 21:30:41,104|azureml._SubmittedRun#HD_0341301e-da13-4d2f-afc9-465a815bcd0f_4.RunHistoryFacade.MetricsClient.PostMetricsBatchV2.1__log_batch_v2|DEBUG|Using basic handler - no exception handling
2021-07-30 21:30:41,105|azureml._SubmittedRun#HD_0341301e-da13-4d2f-afc9-465a815bcd0f_4.RunHistoryFacade.MetricsClient.PostMetricsBatchV2|DEBUG|Adding task 1__log_batch_v2 to queue of approximate size: 1
2021-07-30 21:30:41,244|azureml._SubmittedRun#HD_0341301e-da13-4d2f-afc9-465a815bcd0f_4.RunHistoryFacade.MetricsClient._post_run_metrics_log_failed_validations-async:False|DEBUG|[STOP]
2021-07-30 21:30:41,343|azureml.BatchTaskQueueAdd_1_Batches.0__handle_batch.WaitingTask|DEBUG|[START]
2021-07-30 21:30:41,343|azureml.BatchTaskQueueAdd_1_Batches.0__handle_batch.WaitingTask|DEBUG|Awaiter is BatchTaskQueueAdd_1_Batches
2021-07-30 21:30:41,343|azureml.BatchTaskQueueAdd_1_Batches.0__handle_batch.WaitingTask|DEBUG|[STOP]
2021-07-30 21:30:41,343|azureml.BatchTaskQueueAdd_1_Batches|DEBUG|Waiting on task: 0__handle_batch.
1 tasks left. Current duration of flush 7.081031799316406e-05 seconds.

2021-07-30 21:30:41,343|azureml.BatchTaskQueueAdd_1_Batches.WaitFlushSource:BatchTaskQueueAdd_1_Batches|DEBUG|[STOP]
2021-07-30 21:30:41,343|azureml._SubmittedRun#HD_0341301e-da13-4d2f-afc9-465a815bcd0f_4.RunHistoryFacade.MetricsClient.PostMetricsBatchV2.WaitFlushSource:MetricsClient|DEBUG|[START]
2021-07-30 21:30:41,343|azureml._SubmittedRun#HD_0341301e-da13-4d2f-afc9-465a815bcd0f_4.RunHistoryFacade.MetricsClient.PostMetricsBatchV2.WaitFlushSource:MetricsClient|DEBUG|flush timeout 900.0 is different from task queue timeout 120, using flush timeout
2021-07-30 21:30:41,343|azureml._SubmittedRun#HD_0341301e-da13-4d2f-afc9-465a815bcd0f_4.RunHistoryFacade.MetricsClient.PostMetricsBatchV2.WaitFlushSource:MetricsClient|DEBUG|Waiting 900.0 seconds on tasks: [AsyncTask(0__log_batch_v2), AsyncTask(1__log_batch_v2)].
2021-07-30 21:30:41,344|azureml._SubmittedRun#HD_0341301e-da13-4d2f-afc9-465a815bcd0f_4.RunHistoryFacade.MetricsClient.PostMetricsBatchV2.0__log_batch_v2.WaitingTask|DEBUG|[START]
2021-07-30 21:30:41,344|azureml._SubmittedRun#HD_0341301e-da13-4d2f-afc9-465a815bcd0f_4.RunHistoryFacade.MetricsClient.PostMetricsBatchV2.0__log_batch_v2.WaitingTask|DEBUG|Awaiter is PostMetricsBatchV2
2021-07-30 21:30:41,344|azureml._SubmittedRun#HD_0341301e-da13-4d2f-afc9-465a815bcd0f_4.RunHistoryFacade.MetricsClient.PostMetricsBatchV2.0__log_batch_v2.WaitingTask|DEBUG|[STOP]
2021-07-30 21:30:41,344|azureml._SubmittedRun#HD_0341301e-da13-4d2f-afc9-465a815bcd0f_4.RunHistoryFacade.MetricsClient.PostMetricsBatchV2.1__log_batch_v2.WaitingTask|DEBUG|[START]
2021-07-30 21:30:41,344|azureml._SubmittedRun#HD_0341301e-da13-4d2f-afc9-465a815bcd0f_4.RunHistoryFacade.MetricsClient.PostMetricsBatchV2.1__log_batch_v2.WaitingTask|DEBUG|Awaiter is PostMetricsBatchV2
2021-07-30 21:30:41,344|azureml._SubmittedRun#HD_0341301e-da13-4d2f-afc9-465a815bcd0f_4.RunHistoryFacade.MetricsClient.PostMetricsBatchV2.1__log_batch_v2.WaitingTask|DEBUG|[STOP]
2021-07-30 21:30:41,344|azureml._SubmittedRun#HD_0341301e-da13-4d2f-afc9-465a815bcd0f_4.RunHistoryFacade.MetricsClient.PostMetricsBatchV2|DEBUG|
2021-07-30 21:30:41,344|azureml._SubmittedRun#HD_0341301e-da13-4d2f-afc9-465a815bcd0f_4.RunHistoryFacade.MetricsClient.PostMetricsBatchV2.WaitFlushSource:MetricsClient|DEBUG|[STOP]
2021-07-30 21:30:41,344|azureml._SubmittedRun#HD_0341301e-da13-4d2f-afc9-465a815bcd0f_4.RunHistoryFacade.MetricsClient.FlushingMetricsClient|DEBUG|[STOP]
2021-07-30 21:30:41,344|azureml._SubmittedRun#HD_0341301e-da13-4d2f-afc9-465a815bcd0f_4.RunHistoryFacade.MetricsClient.wait_on_ingest-async:False|DEBUG|[START]
2021-07-30 21:30:41,344|azureml._SubmittedRun#HD_0341301e-da13-4d2f-afc9-465a815bcd0f_4.RunHistoryFacade.MetricsClient|DEBUG|ClientBase: Calling wait_on_ingest with url /history/v1.0/subscriptions/{subscriptionId}/resourceGroups/{resourceGroupName}/providers/Microsoft.MachineLearningServices/workspaces/{workspaceName}/experiments/{experimentName}/runs/{runId}/metricsingest/wait
2021-07-30 21:30:41,415|azureml._SubmittedRun#HD_0341301e-da13-4d2f-afc9-465a815bcd0f_4.RunHistoryFacade.MetricsClient.wait_on_ingest-async:False|DEBUG|[STOP]
2021-07-30 21:30:41,415|azureml.SendRunKillSignal|DEBUG|[STOP]
2021-07-30 21:30:41,415|azureml.HistoryTrackingWorkerPool.WorkerPoolShutdown|DEBUG|[START]
2021-07-30 21:30:41,415|azureml.HistoryTrackingWorkerPool.WorkerPoolShutdown|DEBUG|[STOP]
2021-07-30 21:30:41,415|azureml.WorkerPool|DEBUG|[STOP]
