2021-07-26 23:54:36.304 - INFO - 4679 - azureml.train.automl._experiment_drivers.driver_utilities.modify_run_configuration:199 - Package azureml-train-automl missing from dependencies file.
2021-07-26 23:54:36.304 - INFO - 4679 - azureml.train.automl._experiment_drivers.driver_utilities.modify_run_configuration:205 - Using pinned version: azureml-train-automl==1.31.0.*
2021-07-26 23:54:36.305 - INFO - 4679 - azureml.train.automl._experiment_drivers.driver_utilities.modify_run_configuration:199 - Package pandas missing from dependencies file.
2021-07-26 23:54:36.305 - INFO - 4679 - azureml.train.automl._experiment_drivers.driver_utilities.modify_run_configuration:205 - Using pinned version: pandas==0.25.1
2021-07-26 23:54:36.305 - INFO - 4679 - azureml.train.automl._experiment_drivers.driver_utilities.modify_run_configuration:199 - Package psutil missing from dependencies file.
2021-07-26 23:54:36.305 - INFO - 4679 - azureml.train.automl._experiment_drivers.driver_utilities.modify_run_configuration:205 - Using pinned version: psutil>5.0.0,<6.0.0
2021-07-26 23:54:36.306 - INFO - 4679 - azureml.train.automl._experiment_drivers.driver_utilities.modify_run_configuration:199 - Package scikit-learn missing from dependencies file.
2021-07-26 23:54:36.306 - INFO - 4679 - azureml.train.automl._experiment_drivers.driver_utilities.modify_run_configuration:205 - Using pinned version: scikit-learn==0.22.1
2021-07-26 23:54:36.306 - INFO - 4679 - azureml.train.automl._experiment_drivers.driver_utilities.modify_run_configuration:199 - Package numpy missing from dependencies file.
2021-07-26 23:54:36.307 - INFO - 4679 - azureml.train.automl._experiment_drivers.driver_utilities.modify_run_configuration:205 - Using pinned version: numpy~=1.18.0
2021-07-26 23:54:36.307 - INFO - 4679 - azureml.train.automl._experiment_drivers.driver_utilities.modify_run_configuration:199 - Package py-xgboost missing from dependencies file.
2021-07-26 23:54:36.307 - INFO - 4679 - azureml.train.automl._experiment_drivers.driver_utilities.modify_run_configuration:205 - Using pinned version: py-xgboost<=0.90
2021-07-26 23:54:36.308 - INFO - 4679 - azureml.train.automl._experiment_drivers.driver_utilities.modify_run_configuration:199 - Package inference-schema missing from dependencies file.
2021-07-26 23:54:36.308 - INFO - 4679 - azureml.train.automl._experiment_drivers.driver_utilities.modify_run_configuration:199 - Package fbprophet missing from dependencies file.
2021-07-26 23:54:36.308 - INFO - 4679 - azureml.train.automl._experiment_drivers.driver_utilities.modify_run_configuration:205 - Using pinned version: fbprophet==0.5
2021-07-26 23:54:36.309 - INFO - 4679 - azureml.train.automl._experiment_drivers.driver_utilities.modify_run_configuration:199 - Package setuptools-git missing from dependencies file.
2021-07-26 23:54:36.309 - INFO - 4679 - azureml.train.automl._experiment_drivers.driver_utilities.modify_run_configuration:209 - Using installed version: setuptools-git==1.2
2021-07-26 23:54:36.310 - INFO - 4679 - azureml.automl.core.dataset_utilities._save_datasets_to_json:131 - JSON serialization of input of type <class 'NoneType'> is un-supported.
2021-07-26 23:54:36.310 - INFO - 4679 - azureml.automl.core.dataset_utilities._save_datasets_to_json:131 - JSON serialization of input of type <class 'NoneType'> is un-supported.
2021-07-26 23:54:36.311 - INFO - 4679 - azureml.train.automl._experiment_drivers.driver_utilities.validate_input:124 - Start data validation.
2021-07-26 23:54:38.681 - INFO - 4679 - azureml.train.automl._experiment_drivers.driver_utilities.validate_input:137 - Validation service found the data has no errors.
2021-07-26 23:54:38.683 - INFO - 4679 - azureml.train.automl._experiment_drivers.driver_utilities.create_remote_parent_run:381 - Start creating parent run.
2021-07-26 23:54:39.070 - INFO - 4679 - azureml.train.automl._experiment_drivers.driver_utilities.create_remote_parent_run:401 - [ParentRunID:AutoML_b4cbf68f-a6f5-44f2-a5bb-459c192249d6] Remote run using input X and y.
2021-07-26 23:54:39.461 - INFO - 4679 - azureml.train.automl._experiment_drivers.driver_utilities.start_remote_run:336 - Starting a snapshot run (snapshot_id : None)
2021-07-30 21:16:04.191 - INFO - 14873 - azureml.train.automl._experiment_drivers.driver_utilities.modify_run_configuration:199 - Package azureml-train-automl missing from dependencies file.
2021-07-30 21:16:04.211 - INFO - 14873 - azureml.train.automl._experiment_drivers.driver_utilities.modify_run_configuration:205 - Using pinned version: azureml-train-automl==1.31.0.*
2021-07-30 21:16:04.221 - INFO - 14873 - azureml.train.automl._experiment_drivers.driver_utilities.modify_run_configuration:199 - Package pandas missing from dependencies file.
2021-07-30 21:16:04.228 - INFO - 14873 - azureml.train.automl._experiment_drivers.driver_utilities.modify_run_configuration:205 - Using pinned version: pandas==0.25.1
2021-07-30 21:16:04.241 - INFO - 14873 - azureml.train.automl._experiment_drivers.driver_utilities.modify_run_configuration:199 - Package psutil missing from dependencies file.
2021-07-30 21:16:04.248 - INFO - 14873 - azureml.train.automl._experiment_drivers.driver_utilities.modify_run_configuration:205 - Using pinned version: psutil>5.0.0,<6.0.0
2021-07-30 21:16:04.271 - INFO - 14873 - azureml.train.automl._experiment_drivers.driver_utilities.modify_run_configuration:199 - Package scikit-learn missing from dependencies file.
2021-07-30 21:16:04.278 - INFO - 14873 - azureml.train.automl._experiment_drivers.driver_utilities.modify_run_configuration:205 - Using pinned version: scikit-learn==0.22.1
2021-07-30 21:16:04.309 - INFO - 14873 - azureml.train.automl._experiment_drivers.driver_utilities.modify_run_configuration:199 - Package numpy missing from dependencies file.
2021-07-30 21:16:04.322 - INFO - 14873 - azureml.train.automl._experiment_drivers.driver_utilities.modify_run_configuration:205 - Using pinned version: numpy~=1.18.0
2021-07-30 21:16:04.332 - INFO - 14873 - azureml.train.automl._experiment_drivers.driver_utilities.modify_run_configuration:199 - Package py-xgboost missing from dependencies file.
2021-07-30 21:16:04.347 - INFO - 14873 - azureml.train.automl._experiment_drivers.driver_utilities.modify_run_configuration:205 - Using pinned version: py-xgboost<=0.90
2021-07-30 21:16:04.363 - INFO - 14873 - azureml.train.automl._experiment_drivers.driver_utilities.modify_run_configuration:199 - Package inference-schema missing from dependencies file.
2021-07-30 21:16:04.372 - INFO - 14873 - azureml.train.automl._experiment_drivers.driver_utilities.modify_run_configuration:199 - Package fbprophet missing from dependencies file.
2021-07-30 21:16:04.383 - INFO - 14873 - azureml.train.automl._experiment_drivers.driver_utilities.modify_run_configuration:205 - Using pinned version: fbprophet==0.5
2021-07-30 21:16:04.393 - INFO - 14873 - azureml.train.automl._experiment_drivers.driver_utilities.modify_run_configuration:199 - Package setuptools-git missing from dependencies file.
2021-07-30 21:16:04.403 - INFO - 14873 - azureml.train.automl._experiment_drivers.driver_utilities.modify_run_configuration:209 - Using installed version: setuptools-git==1.2
2021-07-30 21:16:04.424 - INFO - 14873 - azureml.automl.core.dataset_utilities._save_datasets_to_json:131 - JSON serialization of input of type <class 'NoneType'> is un-supported.
2021-07-30 21:16:04.444 - INFO - 14873 - azureml.automl.core.dataset_utilities._save_datasets_to_json:131 - JSON serialization of input of type <class 'NoneType'> is un-supported.
2021-07-30 21:16:04.453 - INFO - 14873 - azureml.train.automl._experiment_drivers.driver_utilities.validate_input:124 - Start data validation.
2021-07-30 21:16:09.098 - INFO - 14873 - azureml.train.automl._experiment_drivers.driver_utilities.validate_input:137 - Validation service found the data has no errors.
2021-07-30 21:16:09.142 - INFO - 14873 - azureml.train.automl._experiment_drivers.driver_utilities.create_remote_parent_run:381 - Start creating parent run.
2021-07-30 21:16:09.426 - INFO - 14873 - azureml.train.automl._experiment_drivers.driver_utilities.create_remote_parent_run:401 - [ParentRunID:AutoML_caf261ae-59c9-46ec-8f48-a0d74b5ddd7d] Remote run using input X and y.
2021-07-30 21:16:09.665 - INFO - 14873 - azureml.train.automl._experiment_drivers.driver_utilities.start_remote_run:336 - Starting a snapshot run (snapshot_id : None)
